<?xml version="1.0" encoding="UTF-8"?>
<!-- Generated by org.testng.reporters.JUnitReportReporter -->
<testsuite hostname="DESKTOP-S82PLRG" failures="0" tests="1" name="com.crm.DemoWebShop.dwsRegister.WriteDataInExcel" time="1.152" errors="0" timestamp="2024-05-29T09:28:14 IST" skipped="0">
  <testcase classname="com.crm.DemoWebShop.dwsRegister.WriteDataInExcel" name="dataToExcel" time="1.152"/>
  <system-out/>
</testsuite> <!-- com.crm.DemoWebShop.dwsRegister.WriteDataInExcel -->
