<?xml version="1.0" encoding="UTF-8"?>
<!-- Generated by org.testng.reporters.JUnitReportReporter -->
<testsuite hostname="DESKTOP-S82PLRG" failures="0" tests="1" name="com.crm.DemoWebShop.dwsRegister.DWSRegister" time="91.810" errors="0" timestamp="2024-05-28T12:37:59 IST" skipped="0">
  <testcase classname="com.crm.DemoWebShop.dwsRegister.DWSRegister" name="test" time="91.810"/>
  <system-out/>
</testsuite> <!-- com.crm.DemoWebShop.dwsRegister.DWSRegister -->
